[09:13:35] [ServerMain/INFO]: Environment: authHost='https://authserver.mojang.com', accountsHost='https://api.mojang.com', sessionHost='https://sessionserver.mojang.com', servicesHost='https://api.minecraftservices.com', name='PROD'
[09:13:38] [ServerMain/INFO]: Loaded 7 recipes
[09:13:38] [ServerMain/INFO]: Loaded 1271 advancements
[09:13:39] [Server thread/INFO]: Starting minecraft server version 1.20
[09:13:39] [Server thread/INFO]: Loading properties
[09:13:39] [Server thread/INFO]: Default game type: SURVIVAL
[09:13:39] [Server thread/INFO]: Generating keypair
[09:13:39] [Server thread/INFO]: Starting Minecraft server on *:25565
[09:13:39] [Server thread/INFO]: Using default channel type
[09:13:39] [Server thread/WARN]: **** SERVER IS RUNNING IN OFFLINE/INSECURE MODE!
[09:13:39] [Server thread/WARN]: The server will make no attempt to authenticate usernames. Beware.
[09:13:39] [Server thread/WARN]: While this makes the game possible to play without internet access, it also opens up the ability for hackers to connect with any username they choose.
[09:13:39] [Server thread/WARN]: To change this, set "online-mode" to "true" in the server.properties file.
[09:13:39] [Server thread/INFO]: Preparing level "world"
[09:13:41] [Server thread/INFO]: Preparing start region for dimension minecraft:overworld
[09:13:46] [Worker-Main-10/INFO]: Preparing spawn area: 0%
[09:13:46] [Worker-Main-1/INFO]: Preparing spawn area: 0%
[09:13:46] [Worker-Main-1/INFO]: Preparing spawn area: 0%
[09:13:46] [Worker-Main-2/INFO]: Preparing spawn area: 0%
[09:13:46] [Worker-Main-2/INFO]: Preparing spawn area: 0%
[09:13:46] [Worker-Main-2/INFO]: Preparing spawn area: 0%
[09:13:46] [Worker-Main-10/INFO]: Preparing spawn area: 0%
[09:13:46] [Worker-Main-10/INFO]: Preparing spawn area: 0%
[09:13:46] [Worker-Main-1/INFO]: Preparing spawn area: 0%
[09:13:46] [Worker-Main-2/INFO]: Preparing spawn area: 0%
[09:13:46] [Worker-Main-1/INFO]: Preparing spawn area: 0%
[09:13:46] [Worker-Main-5/INFO]: Preparing spawn area: 3%
[09:13:47] [Worker-Main-11/INFO]: Preparing spawn area: 34%
[09:13:47] [Server thread/INFO]: Time elapsed: 6423 ms
[09:13:47] [Server thread/INFO]: Done (7.800s)! For help, type "help"
[09:14:36] [Server thread/INFO]: TheDevAtlas[/127.0.0.1:56281] logged in with entity id 208 at (-39.5, 68.0, -41.5)
[09:14:36] [Server thread/INFO]: TheDevAtlas joined the game
[09:15:20] [Server thread/INFO]: Bot0[/[0:0:0:0:0:0:0:1]:56318] logged in with entity id 294 at (-26.5, 65.0, -24.5)
[09:15:20] [Server thread/INFO]: Bot0 joined the game
[09:15:22] [Server thread/INFO]: Bot1[/[0:0:0:0:0:0:0:1]:56323] logged in with entity id 312 at (-28.5, 65.0, -28.5)
[09:15:22] [Server thread/INFO]: Bot1 joined the game
[09:15:23] [Server thread/INFO]: Bot2[/[0:0:0:0:0:0:0:1]:56327] logged in with entity id 313 at (-21.5, 69.0, -31.5)
[09:15:23] [Server thread/INFO]: Bot2 joined the game
[09:15:25] [Server thread/INFO]: Bot3[/[0:0:0:0:0:0:0:1]:56330] logged in with entity id 317 at (-35.5, 70.0, -33.5)
[09:15:25] [Server thread/INFO]: Bot3 joined the game
[09:15:28] [Server thread/INFO]: Bot4[/[0:0:0:0:0:0:0:1]:56332] logged in with entity id 321 at (-38.5, 66.0, -26.5)
[09:15:28] [Server thread/INFO]: Bot4 joined the game
[09:15:30] [Server thread/INFO]: Bot5[/[0:0:0:0:0:0:0:1]:56335] logged in with entity id 326 at (-40.5, 65.0, -39.5)
[09:15:30] [Server thread/INFO]: Bot5 joined the game
[09:15:32] [Server thread/INFO]: Bot6[/[0:0:0:0:0:0:0:1]:56338] logged in with entity id 327 at (-34.5, 70.0, -35.5)
[09:15:32] [Server thread/INFO]: Bot6 joined the game
[09:15:34] [Server thread/INFO]: Bot7[/[0:0:0:0:0:0:0:1]:56340] logged in with entity id 334 at (-28.5, 64.0, -27.5)
[09:15:34] [Server thread/INFO]: Bot7 joined the game
[09:15:35] [Server thread/INFO]: Bot8[/[0:0:0:0:0:0:0:1]:56343] logged in with entity id 337 at (-28.5, 64.0, -41.5)
[09:15:35] [Server thread/INFO]: Bot8 joined the game
[09:15:38] [Server thread/INFO]: Bot9[/[0:0:0:0:0:0:0:1]:56349] logged in with entity id 342 at (-24.5, 65.0, -23.5)
[09:15:38] [Server thread/INFO]: Bot9 joined the game
[09:15:40] [Server thread/INFO]: Bot10[/[0:0:0:0:0:0:0:1]:56351] logged in with entity id 343 at (-25.5, 70.0, -38.5)
[09:15:40] [Server thread/INFO]: Bot10 joined the game
[09:15:42] [Server thread/INFO]: Bot11[/[0:0:0:0:0:0:0:1]:56354] logged in with entity id 348 at (-32.5, 78.0, -39.5)
[09:15:42] [Server thread/INFO]: Bot11 joined the game
[09:15:43] [Server thread/INFO]: Bot12[/[0:0:0:0:0:0:0:1]:56356] logged in with entity id 353 at (-38.5, 68.0, -41.5)
[09:15:43] [Server thread/INFO]: Bot12 joined the game
[09:15:45] [Server thread/INFO]: Bot13[/[0:0:0:0:0:0:0:1]:56361] logged in with entity id 362 at (-31.5, 67.0, -29.5)
[09:15:45] [Server thread/INFO]: Bot13 joined the game
[09:15:48] [Server thread/INFO]: Bot14[/[0:0:0:0:0:0:0:1]:56364] logged in with entity id 367 at (-31.5, 65.0, -33.5)
[09:15:48] [Server thread/INFO]: Bot14 joined the game
[09:15:49] [Server thread/INFO]: Bot15[/[0:0:0:0:0:0:0:1]:56366] logged in with entity id 371 at (-23.5, 70.0, -26.5)
[09:15:49] [Server thread/INFO]: Bot15 joined the game
[09:15:52] [Server thread/INFO]: Bot16[/[0:0:0:0:0:0:0:1]:56368] logged in with entity id 374 at (-41.5, 67.0, -27.5)
[09:15:52] [Server thread/INFO]: Bot16 joined the game
[09:15:53] [Server thread/INFO]: Bot17[/[0:0:0:0:0:0:0:1]:56371] logged in with entity id 379 at (-41.5, 65.0, -39.5)
[09:15:53] [Server thread/INFO]: Bot17 joined the game
[09:15:55] [Server thread/INFO]: Bot3 lost connection: Timed out
[09:15:55] [Server thread/INFO]: Bot3 left the game
[09:15:56] [Server thread/INFO]: Bot18[/[0:0:0:0:0:0:0:1]:56373] logged in with entity id 387 at (-21.5, 71.0, -36.5)
[09:15:56] [Server thread/INFO]: Bot18 joined the game
[09:15:57] [Server thread/INFO]: Bot19[/[0:0:0:0:0:0:0:1]:56375] logged in with entity id 392 at (-32.5, 70.0, -30.5)
[09:15:57] [Server thread/INFO]: Bot19 joined the game
[09:15:58] [Server thread/INFO]: Bot4 lost connection: Timed out
[09:15:58] [Server thread/INFO]: Bot4 left the game
[09:15:59] [Server thread/INFO]: Bot20[/[0:0:0:0:0:0:0:1]:56379] logged in with entity id 399 at (-25.5, 68.0, -32.5)
[09:15:59] [Server thread/INFO]: Bot20 joined the game
[09:16:00] [Server thread/INFO]: Bot5 lost connection: Timed out
[09:16:00] [Server thread/INFO]: Bot5 left the game
[09:16:01] [Server thread/INFO]: Bot21[/[0:0:0:0:0:0:0:1]:56381] logged in with entity id 400 at (-26.5, 70.0, -38.5)
[09:16:01] [Server thread/INFO]: Bot21 joined the game
[09:16:02] [Server thread/INFO]: Bot6 lost connection: Timed out
[09:16:02] [Server thread/INFO]: Bot6 left the game
[09:16:03] [Server thread/INFO]: Bot22[/[0:0:0:0:0:0:0:1]:56384] logged in with entity id 405 at (-40.5, 64.0, -23.5)
[09:16:03] [Server thread/INFO]: Bot22 joined the game
[09:16:04] [Server thread/INFO]: Bot7 lost connection: Timed out
[09:16:04] [Server thread/INFO]: Bot7 left the game
[09:16:05] [Server thread/INFO]: Bot8 lost connection: Timed out
[09:16:05] [Server thread/INFO]: Bot8 left the game
[09:16:06] [Server thread/INFO]: Bot23[/[0:0:0:0:0:0:0:1]:56387] logged in with entity id 414 at (-36.5, 64.0, -26.5)
[09:16:06] [Server thread/INFO]: Bot23 joined the game
[09:16:08] [Server thread/INFO]: TheDevAtlas lost connection: Disconnected
[09:16:08] [Server thread/INFO]: TheDevAtlas left the game
[09:16:08] [Server thread/INFO]: Bot24[/[0:0:0:0:0:0:0:1]:56392] logged in with entity id 416 at (-34.5, 70.0, -33.5)
[09:16:08] [Server thread/INFO]: Bot24 joined the game
[09:16:08] [Server thread/INFO]: Bot9 lost connection: Timed out
[09:16:08] [Server thread/INFO]: Bot9 left the game
[09:16:10] [Server thread/INFO]: Bot10 lost connection: Timed out
[09:16:10] [Server thread/INFO]: Bot10 left the game
[09:16:11] [Server thread/INFO]: Bot0 lost connection: Disconnected
[09:16:11] [Server thread/INFO]: Bot0 left the game
[09:16:11] [Server thread/INFO]: Bot1 lost connection: Disconnected
[09:16:11] [Server thread/INFO]: Bot1 left the game
[09:16:11] [Server thread/INFO]: Bot2 lost connection: Disconnected
[09:16:11] [Server thread/INFO]: Bot2 left the game
[09:16:11] [Server thread/INFO]: Bot11 lost connection: Disconnected
[09:16:11] [Server thread/INFO]: Bot11 left the game
[09:16:11] [Server thread/INFO]: Bot12 lost connection: Disconnected
[09:16:11] [Server thread/INFO]: Bot12 left the game
[09:16:11] [Server thread/INFO]: Bot13 lost connection: Disconnected
[09:16:11] [Server thread/INFO]: Bot13 left the game
[09:16:11] [Server thread/INFO]: Bot14 lost connection: Disconnected
[09:16:11] [Server thread/INFO]: Bot14 left the game
[09:16:11] [Server thread/INFO]: Bot15 lost connection: Disconnected
[09:16:11] [Server thread/INFO]: Bot15 left the game
[09:16:11] [Server thread/INFO]: Bot16 lost connection: Disconnected
[09:16:11] [Server thread/INFO]: Bot16 left the game
[09:16:11] [Server thread/INFO]: Bot17 lost connection: Disconnected
[09:16:11] [Server thread/INFO]: Bot17 left the game
[09:16:11] [Server thread/INFO]: Bot18 lost connection: Disconnected
[09:16:11] [Server thread/INFO]: Bot18 left the game
[09:16:11] [Server thread/INFO]: Bot19 lost connection: Disconnected
[09:16:11] [Server thread/INFO]: Bot19 left the game
[09:16:11] [Server thread/INFO]: Bot20 lost connection: Disconnected
[09:16:11] [Server thread/INFO]: Bot20 left the game
[09:16:11] [Server thread/INFO]: Bot21 lost connection: Disconnected
[09:16:11] [Server thread/INFO]: Bot21 left the game
[09:16:11] [Server thread/INFO]: Bot22 lost connection: Disconnected
[09:16:11] [Server thread/INFO]: Bot22 left the game
[09:16:11] [Server thread/INFO]: Bot23 lost connection: Disconnected
[09:16:11] [Server thread/INFO]: Bot23 left the game
[09:16:11] [Server thread/INFO]: Bot24 lost connection: Disconnected
[09:16:11] [Server thread/INFO]: Bot24 left the game
[09:18:25] [Server thread/INFO]: TheDevAtlas[/127.0.0.1:56423] logged in with entity id 434 at (-31.966801790959046, 65.0, -39.32580253578672)
[09:18:25] [Server thread/INFO]: TheDevAtlas joined the game
[09:18:39] [Server thread/INFO]: Made TheDevAtlas a server operator
[09:18:45] [Server thread/INFO]: [TheDevAtlas: Set own game mode to Creative Mode]
[09:18:50] [Server thread/INFO]: [TheDevAtlas: Set the time to 1000]
[09:18:55] [Server thread/INFO]: [TheDevAtlas: Gamerule doDaylightCycle is now set to: false]
[09:19:06] [Server thread/INFO]: [TheDevAtlas: Teleported TheDevAtlas to 0.500000, 82.130915, 0.500000]
[09:19:06] [Server thread/WARN]: TheDevAtlas moved too quickly! 32.06434261630565,0.0,34.59430001417969
[09:19:06] [Server thread/WARN]: TheDevAtlas moved too quickly! 32.06434261630565,0.0,34.59430001417969
[09:19:13] [Server thread/INFO]: Bot0[/[0:0:0:0:0:0:0:1]:56437] logged in with entity id 672 at (-26.5, 65.0, -24.5)
[09:19:13] [Server thread/INFO]: Bot0 joined the game
[09:19:15] [Server thread/WARN]: Bot0 moved too quickly! 26.5,0.0,24.5
[09:19:15] [Server thread/INFO]: Bot1[/[0:0:0:0:0:0:0:1]:56440] logged in with entity id 676 at (-28.5, 65.0, -28.5)
[09:19:15] [Server thread/INFO]: Bot1 joined the game
[09:19:17] [Server thread/WARN]: Bot1 moved too quickly! 28.5,0.0,28.5
[09:19:17] [Server thread/INFO]: Bot2[/[0:0:0:0:0:0:0:1]:56442] logged in with entity id 678 at (-21.5, 69.0, -31.5)
[09:19:17] [Server thread/INFO]: Bot2 joined the game
[09:19:19] [Server thread/WARN]: Bot2 moved too quickly! 21.5,0.0,31.5
[09:19:19] [Server thread/INFO]: Bot3[/[0:0:0:0:0:0:0:1]:56447] logged in with entity id 687 at (-35.5, 70.0, -33.5)
[09:19:19] [Server thread/INFO]: Bot3 joined the game
[09:19:21] [Server thread/WARN]: Bot3 moved too quickly! 35.5,-0.07840000152587834,33.5
[09:19:21] [Server thread/INFO]: Bot4[/[0:0:0:0:0:0:0:1]:56449] logged in with entity id 694 at (-38.5, 66.0, -26.5)
[09:19:21] [Server thread/INFO]: Bot4 joined the game
[09:19:23] [Server thread/INFO]: Bot5[/[0:0:0:0:0:0:0:1]:56451] logged in with entity id 695 at (-40.5, 65.0, -39.5)
[09:19:23] [Server thread/INFO]: Bot5 joined the game
[09:19:24] [Server thread/WARN]: Bot4 moved too quickly! 38.5,0.0,26.5
[09:19:25] [Server thread/INFO]: Bot6[/[0:0:0:0:0:0:0:1]:56454] logged in with entity id 698 at (-34.5, 70.0, -35.5)
[09:19:25] [Server thread/INFO]: Bot6 joined the game
[09:19:26] [Server thread/WARN]: Bot5 moved too quickly! 40.5,0.0,39.5
[09:19:27] [Server thread/INFO]: Bot7[/[0:0:0:0:0:0:0:1]:56456] logged in with entity id 707 at (-28.5, 64.0, -27.5)
[09:19:27] [Server thread/INFO]: Bot7 joined the game
[09:19:28] [Server thread/WARN]: Bot6 moved too quickly! 34.5,-0.07840000152587834,35.5
[09:19:29] [Server thread/INFO]: Bot8[/[0:0:0:0:0:0:0:1]:56458] logged in with entity id 708 at (-28.5, 64.0, -41.5)
[09:19:29] [Server thread/INFO]: Bot8 joined the game
[09:19:31] [Server thread/INFO]: Bot9[/[0:0:0:0:0:0:0:1]:56463] logged in with entity id 713 at (-24.5, 65.0, -23.5)
[09:19:31] [Server thread/INFO]: Bot9 joined the game
[09:19:33] [Server thread/INFO]: Bot10[/[0:0:0:0:0:0:0:1]:56465] logged in with entity id 720 at (-25.5, 70.0, -38.5)
[09:19:33] [Server thread/INFO]: Bot10 joined the game
[09:19:34] [Server thread/INFO]: [TheDevAtlas: Teleported TheDevAtlas to Bot0]
[09:19:34] [Server thread/WARN]: TheDevAtlas moved too quickly! -25.522293658761114,-30.771244680644358,-18.841761771167587
[09:19:35] [Server thread/INFO]: Bot11[/[0:0:0:0:0:0:0:1]:56467] logged in with entity id 726 at (-32.5, 78.0, -39.5)
[09:19:35] [Server thread/INFO]: Bot11 joined the game
[09:19:37] [Server thread/INFO]: Bot12[/[0:0:0:0:0:0:0:1]:56470] logged in with entity id 731 at (-38.5, 68.0, -41.5)
[09:19:37] [Server thread/INFO]: Bot12 joined the game
[09:19:38] [Server thread/WARN]: Bot7 moved too quickly! 28.5,0.0,27.5
[09:19:39] [Server thread/INFO]: Bot13[/[0:0:0:0:0:0:0:1]:56473] logged in with entity id 737 at (-31.5, 67.0, -29.5)
[09:19:39] [Server thread/INFO]: Bot13 joined the game
[09:19:41] [Server thread/INFO]: Bot14[/[0:0:0:0:0:0:0:1]:56475] logged in with entity id 747 at (-31.5, 65.0, -33.5)
[09:19:41] [Server thread/INFO]: Bot14 joined the game
[09:19:44] [Server thread/INFO]: Bot15[/127.0.0.1:56480] logged in with entity id 755 at (-23.5, 70.0, -26.5)
[09:19:44] [Server thread/INFO]: Bot15 joined the game
[09:19:46] [Server thread/INFO]: Bot16[/127.0.0.1:56485] logged in with entity id 760 at (-41.5, 67.0, -27.5)
[09:19:46] [Server thread/INFO]: Bot16 joined the game
[09:19:48] [Server thread/INFO]: Bot17[/127.0.0.1:56489] logged in with entity id 764 at (-41.5, 65.0, -39.5)
[09:19:48] [Server thread/INFO]: Bot17 joined the game
[09:19:50] [Server thread/INFO]: Bot18[/127.0.0.1:56494] logged in with entity id 766 at (-21.5, 71.0, -36.5)
[09:19:50] [Server thread/INFO]: Bot18 joined the game
[09:19:52] [Server thread/INFO]: Bot19[/127.0.0.1:56499] logged in with entity id 772 at (-32.5, 70.0, -30.5)
[09:19:52] [Server thread/INFO]: Bot19 joined the game
[09:19:54] [Server thread/INFO]: Bot20[/127.0.0.1:56504] logged in with entity id 780 at (-25.5, 68.0, -32.5)
[09:19:54] [Server thread/INFO]: Bot20 joined the game
[09:19:56] [Server thread/INFO]: Bot21[/127.0.0.1:56508] logged in with entity id 785 at (-26.5, 70.0, -38.5)
[09:19:56] [Server thread/INFO]: Bot21 joined the game
[09:19:58] [Server thread/INFO]: Bot22[/127.0.0.1:56512] logged in with entity id 790 at (-40.5, 64.0, -23.5)
[09:19:58] [Server thread/INFO]: Bot22 joined the game
[09:19:59] [Server thread/INFO]: Bot8 lost connection: Timed out
[09:19:59] [Server thread/INFO]: Bot8 left the game
[09:20:00] [Server thread/INFO]: Bot23[/127.0.0.1:56517] logged in with entity id 793 at (-36.5, 64.0, -26.5)
[09:20:00] [Server thread/INFO]: Bot23 joined the game
[09:20:01] [Server thread/INFO]: Bot9 lost connection: Timed out
[09:20:01] [Server thread/INFO]: Bot9 left the game
[09:20:02] [Server thread/INFO]: Bot24[/127.0.0.1:56521] logged in with entity id 802 at (-34.5, 70.0, -33.5)
[09:20:02] [Server thread/INFO]: Bot24 joined the game
[09:20:03] [Server thread/INFO]: Bot10 lost connection: Timed out
[09:20:03] [Server thread/INFO]: Bot10 left the game
[09:20:06] [Server thread/INFO]: Bot11 lost connection: Timed out
[09:20:06] [Server thread/INFO]: Bot11 left the game
[09:20:07] [Server thread/INFO]: Bot12 lost connection: Timed out
[09:20:07] [Server thread/INFO]: Bot12 left the game
[09:20:10] [Server thread/INFO]: Bot13 lost connection: Timed out
[09:20:10] [Server thread/INFO]: Bot13 left the game
[09:20:12] [Server thread/INFO]: Bot14 lost connection: Timed out
[09:20:12] [Server thread/INFO]: Bot14 left the game
[09:20:14] [Server thread/INFO]: Bot15 lost connection: Timed out
[09:20:14] [Server thread/INFO]: Bot15 left the game
[09:20:17] [Server thread/INFO]: Bot16 lost connection: Timed out
[09:20:17] [Server thread/INFO]: Bot16 left the game
[09:20:18] [Server thread/INFO]: Bot17 lost connection: Timed out
[09:20:18] [Server thread/INFO]: Bot17 left the game
[09:20:20] [Server thread/INFO]: Bot18 lost connection: Timed out
[09:20:20] [Server thread/INFO]: Bot18 left the game
[09:20:22] [Server thread/INFO]: Bot19 lost connection: Timed out
[09:20:22] [Server thread/INFO]: Bot19 left the game
[09:20:24] [Server thread/INFO]: Bot20 lost connection: Timed out
[09:20:24] [Server thread/INFO]: Bot20 left the game
[09:20:26] [Server thread/INFO]: Bot21 lost connection: Timed out
[09:20:26] [Server thread/INFO]: Bot21 left the game
[09:20:28] [Server thread/INFO]: Bot22 lost connection: Timed out
[09:20:28] [Server thread/INFO]: Bot22 left the game
[09:20:29] [Server thread/WARN]: Bot23 moved too quickly! 36.5,0.0,26.5
[09:20:30] [Server thread/WARN]: Bot24 moved too quickly! 34.5,-0.07840000152587834,33.5
[09:20:30] [Server thread/INFO]: Bot23 lost connection: Timed out
[09:20:30] [Server thread/INFO]: Bot23 left the game
[09:21:08] [Server thread/INFO]: Bot0 lost connection: Disconnected
[09:21:08] [Server thread/INFO]: Bot0 left the game
[09:21:08] [Server thread/INFO]: Bot1 lost connection: Disconnected
[09:21:08] [Server thread/INFO]: Bot1 left the game
[09:21:08] [Server thread/INFO]: Bot2 lost connection: Disconnected
[09:21:08] [Server thread/INFO]: Bot2 left the game
[09:21:08] [Server thread/INFO]: Bot3 lost connection: Disconnected
[09:21:08] [Server thread/INFO]: Bot3 left the game
[09:21:08] [Server thread/INFO]: Bot4 lost connection: Disconnected
[09:21:08] [Server thread/INFO]: Bot4 left the game
[09:21:08] [Server thread/INFO]: Bot5 lost connection: Disconnected
[09:21:08] [Server thread/INFO]: Bot5 left the game
[09:21:08] [Server thread/INFO]: Bot6 lost connection: Disconnected
[09:21:08] [Server thread/INFO]: Bot6 left the game
[09:21:08] [Server thread/INFO]: Bot7 lost connection: Disconnected
[09:21:08] [Server thread/INFO]: Bot7 left the game
[09:21:08] [Server thread/INFO]: Bot24 lost connection: Disconnected
[09:21:08] [Server thread/INFO]: Bot24 left the game
[09:21:54] [Server thread/INFO]: Bot0[/[0:0:0:0:0:0:0:1]:56545] logged in with entity id 1017 at (-26.5, 65.0, -24.5)
[09:21:54] [Server thread/INFO]: Bot0 joined the game
[09:21:55] [Server thread/INFO]: [Not Secure] <Bot0> I have joined
[09:21:55] [Server thread/INFO]: Bot1[/[0:0:0:0:0:0:0:1]:56549] logged in with entity id 1021 at (-28.5, 65.0, -28.5)
[09:21:55] [Server thread/INFO]: Bot1 joined the game
[09:21:56] [Server thread/INFO]: [Not Secure] <Bot1> I have joined
[09:21:57] [Server thread/INFO]: Bot2[/[0:0:0:0:0:0:0:1]:56551] logged in with entity id 1034 at (-21.5, 69.0, -31.5)
[09:21:57] [Server thread/INFO]: Bot2 joined the game
[09:21:59] [Server thread/INFO]: [Not Secure] <Bot2> I have joined
[09:21:59] [Server thread/INFO]: Bot3[/[0:0:0:0:0:0:0:1]:56554] logged in with entity id 1040 at (-35.5, 70.0, -33.5)
[09:21:59] [Server thread/INFO]: Bot3 joined the game
[09:22:01] [Server thread/INFO]: [Not Secure] <Bot3> I have joined
[09:22:01] [Server thread/INFO]: Bot4[/[0:0:0:0:0:0:0:1]:56556] logged in with entity id 1047 at (-38.5, 66.0, -26.5)
[09:22:01] [Server thread/INFO]: Bot4 joined the game
[09:22:03] [Server thread/INFO]: Bot5[/[0:0:0:0:0:0:0:1]:56558] logged in with entity id 1057 at (-40.5, 65.0, -39.5)
[09:22:03] [Server thread/INFO]: Bot5 joined the game
[09:22:04] [Server thread/INFO]: [Not Secure] <Bot4> I have joined
[09:22:05] [Server thread/INFO]: Bot6[/[0:0:0:0:0:0:0:1]:56561] logged in with entity id 1061 at (-34.5, 70.0, -35.5)
[09:22:05] [Server thread/INFO]: Bot6 joined the game
[09:22:07] [Server thread/INFO]: [Not Secure] <Bot5> I have joined
[09:22:08] [Server thread/INFO]: Bot7[/[0:0:0:0:0:0:0:1]:56563] logged in with entity id 1067 at (-28.5, 64.0, -27.5)
[09:22:08] [Server thread/INFO]: Bot7 joined the game
[09:22:09] [Server thread/INFO]: Bot8[/[0:0:0:0:0:0:0:1]:56567] logged in with entity id 1074 at (-28.5, 64.0, -41.5)
[09:22:09] [Server thread/INFO]: Bot8 joined the game
[09:22:12] [Server thread/INFO]: Bot9[/[0:0:0:0:0:0:0:1]:56570] logged in with entity id 1080 at (-24.5, 65.0, -23.5)
[09:22:12] [Server thread/INFO]: Bot9 joined the game
[09:22:13] [Server thread/INFO]: [Not Secure] <Bot6> I have joined
[09:22:14] [Server thread/INFO]: Bot10[/[0:0:0:0:0:0:0:1]:56573] logged in with entity id 1081 at (-25.5, 70.0, -38.5)
[09:22:14] [Server thread/INFO]: Bot10 joined the game
[09:22:15] [Server thread/INFO]: Bot0 lost connection: Disconnected
[09:22:15] [Server thread/INFO]: Bot0 left the game
[09:22:15] [Server thread/INFO]: Bot1 lost connection: Disconnected
[09:22:15] [Server thread/INFO]: Bot1 left the game
[09:22:15] [Server thread/INFO]: Bot2 lost connection: Disconnected
[09:22:15] [Server thread/INFO]: Bot2 left the game
[09:22:15] [Server thread/INFO]: Bot3 lost connection: Disconnected
[09:22:15] [Server thread/INFO]: Bot3 left the game
[09:22:15] [Server thread/INFO]: Bot4 lost connection: Disconnected
[09:22:15] [Server thread/INFO]: Bot4 left the game
[09:22:15] [Server thread/INFO]: Bot5 lost connection: Disconnected
[09:22:15] [Server thread/INFO]: Bot5 left the game
[09:22:15] [Server thread/INFO]: Bot6 lost connection: Disconnected
[09:22:15] [Server thread/INFO]: Bot6 left the game
[09:22:15] [Server thread/INFO]: Bot7 lost connection: Disconnected
[09:22:15] [Server thread/INFO]: Bot7 left the game
[09:22:15] [Server thread/INFO]: Bot8 lost connection: Disconnected
[09:22:15] [Server thread/INFO]: Bot8 left the game
[09:22:15] [Server thread/INFO]: Bot9 lost connection: Disconnected
[09:22:15] [Server thread/INFO]: Bot9 left the game
[09:22:15] [Server thread/INFO]: Bot10 lost connection: Disconnected
[09:22:15] [Server thread/INFO]: Bot10 left the game
[09:22:18] [Server thread/INFO]: Bot0[/[0:0:0:0:0:0:0:1]:56579] logged in with entity id 1086 at (-26.5, 65.0, -24.5)
[09:22:18] [Server thread/INFO]: Bot0 joined the game
[09:22:19] [Server thread/INFO]: [Not Secure] <Bot0> I have joined
[09:22:19] [Server thread/INFO]: Bot0 lost connection: Disconnected
[09:22:19] [Server thread/INFO]: Bot0 left the game
[09:22:50] [Server thread/INFO]: Bot0[/[0:0:0:0:0:0:0:1]:56590] logged in with entity id 1192 at (-26.5, 65.0, -24.5)
[09:22:50] [Server thread/INFO]: Bot0 joined the game
[09:22:51] [Server thread/INFO]: [Not Secure] <Bot0> I have joined
[09:22:52] [Server thread/INFO]: Bot1[/[0:0:0:0:0:0:0:1]:56594] logged in with entity id 1195 at (-28.5, 65.0, -28.5)
[09:22:52] [Server thread/INFO]: Bot1 joined the game
[09:22:52] [Server thread/INFO]: [TheDevAtlas: Teleported TheDevAtlas to Bot0]
[09:22:52] [Server thread/WARN]: TheDevAtlas moved too quickly! -9.002299458938982,-23.21231825327638,-1.4665085345786402
[09:22:52] [Server thread/WARN]: TheDevAtlas moved too quickly! -9.002299458938982,-23.21231825327638,-1.4665085345786402
[09:22:52] [Server thread/WARN]: TheDevAtlas moved too quickly! -9.002299458938982,-23.21231825327638,-1.4665085345786402
[09:22:52] [Server thread/WARN]: TheDevAtlas moved too quickly! -9.002299458938982,-23.21231825327638,-1.4665085345786402
[09:22:53] [Server thread/INFO]: [Not Secure] <Bot1> I have joined
[09:22:54] [Server thread/INFO]: Bot2[/[0:0:0:0:0:0:0:1]:56596] logged in with entity id 1200 at (-21.5, 69.0, -31.5)
[09:22:54] [Server thread/INFO]: Bot2 joined the game
[09:22:55] [Server thread/INFO]: [Not Secure] <Bot2> I have joined
[09:22:56] [Server thread/INFO]: Bot3[/[0:0:0:0:0:0:0:1]:56599] logged in with entity id 1201 at (-35.5, 70.0, -33.5)
[09:22:56] [Server thread/INFO]: Bot3 joined the game
[09:22:57] [Server thread/INFO]: [Not Secure] <Bot3> I have joined
[09:22:58] [Server thread/INFO]: Bot4[/[0:0:0:0:0:0:0:1]:56603] logged in with entity id 1211 at (-38.5, 66.0, -26.5)
[09:22:58] [Server thread/INFO]: Bot4 joined the game
[09:23:00] [Server thread/INFO]: Bot5[/[0:0:0:0:0:0:0:1]:56605] logged in with entity id 1224 at (-40.5, 65.0, -39.5)
[09:23:00] [Server thread/INFO]: Bot5 joined the game
[09:23:00] [Server thread/INFO]: [Not Secure] <Bot4> I have joined
[09:23:02] [Server thread/INFO]: Bot6[/[0:0:0:0:0:0:0:1]:56608] logged in with entity id 1241 at (-34.5, 70.0, -35.5)
[09:23:02] [Server thread/INFO]: Bot6 joined the game
[09:23:04] [Server thread/INFO]: Bot7[/[0:0:0:0:0:0:0:1]:56610] logged in with entity id 1248 at (-28.5, 64.0, -27.5)
[09:23:04] [Server thread/INFO]: Bot7 joined the game
[09:23:05] [Server thread/INFO]: [Not Secure] <Bot5> I have joined
[09:23:06] [Server thread/INFO]: Bot8[/[0:0:0:0:0:0:0:1]:56615] logged in with entity id 1258 at (-28.5, 64.0, -41.5)
[09:23:06] [Server thread/INFO]: Bot8 joined the game
[09:23:08] [Server thread/INFO]: Bot9[/[0:0:0:0:0:0:0:1]:56619] logged in with entity id 1259 at (-24.5, 65.0, -23.5)
[09:23:08] [Server thread/INFO]: Bot9 joined the game
[09:23:10] [Server thread/INFO]: Bot10[/[0:0:0:0:0:0:0:1]:56621] logged in with entity id 1260 at (-25.5, 70.0, -38.5)
[09:23:10] [Server thread/INFO]: Bot10 joined the game
[09:23:12] [Server thread/INFO]: Bot11[/[0:0:0:0:0:0:0:1]:56623] logged in with entity id 1266 at (-32.5, 78.0, -39.5)
[09:23:12] [Server thread/INFO]: Bot11 joined the game
[09:23:14] [Server thread/INFO]: Bot12[/[0:0:0:0:0:0:0:1]:56626] logged in with entity id 1272 at (-38.5, 68.0, -41.5)
[09:23:14] [Server thread/INFO]: Bot12 joined the game
[09:23:14] [Server thread/INFO]: [Not Secure] <Bot6> I have joined
[09:23:16] [Server thread/INFO]: Bot13[/127.0.0.1:56630] logged in with entity id 1275 at (-31.5, 67.0, -29.5)
[09:23:16] [Server thread/INFO]: Bot13 joined the game
[09:23:18] [Server thread/INFO]: Bot14[/[0:0:0:0:0:0:0:1]:56632] logged in with entity id 1279 at (-31.5, 65.0, -33.5)
[09:23:18] [Server thread/INFO]: Bot14 joined the game
[09:23:20] [Server thread/INFO]: Bot15[/127.0.0.1:56637] logged in with entity id 1282 at (-23.5, 70.0, -26.5)
[09:23:20] [Server thread/INFO]: Bot15 joined the game
[09:23:22] [Server thread/INFO]: Bot16[/[0:0:0:0:0:0:0:1]:56639] logged in with entity id 1290 at (-41.5, 67.0, -27.5)
[09:23:22] [Server thread/INFO]: Bot16 joined the game
[09:23:24] [Server thread/INFO]: Bot17[/[0:0:0:0:0:0:0:1]:56641] logged in with entity id 1295 at (-41.5, 65.0, -39.5)
[09:23:24] [Server thread/INFO]: Bot17 joined the game
[09:23:26] [Server thread/INFO]: Bot18[/[0:0:0:0:0:0:0:1]:56644] logged in with entity id 1297 at (-21.5, 71.0, -36.5)
[09:23:26] [Server thread/INFO]: Bot18 joined the game
[09:23:28] [Server thread/INFO]: Bot19[/[0:0:0:0:0:0:0:1]:56646] logged in with entity id 1304 at (-32.5, 70.0, -30.5)
[09:23:28] [Server thread/INFO]: Bot19 joined the game
[09:23:30] [Server thread/INFO]: Bot20[/[0:0:0:0:0:0:0:1]:56648] logged in with entity id 1307 at (-25.5, 68.0, -32.5)
[09:23:30] [Server thread/INFO]: Bot20 joined the game
[09:23:31] [Server thread/INFO]: [Not Secure] <Bot7> I have joined
[09:23:32] [Server thread/INFO]: Bot21[/[0:0:0:0:0:0:0:1]:56651] logged in with entity id 1311 at (-26.5, 70.0, -38.5)
[09:23:32] [Server thread/INFO]: Bot21 joined the game
[09:23:34] [Server thread/INFO]: Bot7 lost connection: Timed out
[09:23:34] [Server thread/INFO]: Bot7 left the game
[09:23:34] [Server thread/INFO]: Bot22[/[0:0:0:0:0:0:0:1]:56653] logged in with entity id 1315 at (-40.5, 64.0, -23.5)
[09:23:34] [Server thread/INFO]: Bot22 joined the game
[09:23:36] [Server thread/INFO]: Bot8 lost connection: Timed out
[09:23:36] [Server thread/INFO]: Bot8 left the game
[09:23:37] [Server thread/INFO]: Bot23[/127.0.0.1:56657] logged in with entity id 1328 at (-36.5, 64.0, -26.5)
[09:23:37] [Server thread/INFO]: Bot23 joined the game
[09:23:38] [Server thread/INFO]: Bot9 lost connection: Timed out
[09:23:38] [Server thread/INFO]: Bot9 left the game
[09:23:39] [Server thread/INFO]: Bot24[/127.0.0.1:56662] logged in with entity id 1332 at (-34.5, 70.0, -33.5)
[09:23:39] [Server thread/INFO]: Bot24 joined the game
[09:23:40] [Server thread/INFO]: Bot10 lost connection: Timed out
[09:23:40] [Server thread/INFO]: Bot10 left the game
[09:23:42] [Server thread/INFO]: Bot11 lost connection: Timed out
[09:23:42] [Server thread/INFO]: Bot11 left the game
[09:23:44] [Server thread/INFO]: Bot12 lost connection: Timed out
[09:23:44] [Server thread/INFO]: Bot12 left the game
[09:23:45] [Server thread/INFO]: Bot0 lost connection: Disconnected
[09:23:45] [Server thread/INFO]: Bot0 left the game
[09:23:45] [Server thread/INFO]: Bot1 lost connection: Disconnected
[09:23:45] [Server thread/INFO]: Bot1 left the game
[09:23:45] [Server thread/INFO]: Bot2 lost connection: Disconnected
[09:23:45] [Server thread/INFO]: Bot2 left the game
[09:23:45] [Server thread/INFO]: Bot3 lost connection: Disconnected
[09:23:45] [Server thread/INFO]: Bot3 left the game
[09:23:45] [Server thread/INFO]: Bot4 lost connection: Disconnected
[09:23:45] [Server thread/INFO]: Bot4 left the game
[09:23:45] [Server thread/INFO]: Bot5 lost connection: Disconnected
[09:23:45] [Server thread/INFO]: Bot5 left the game
[09:23:45] [Server thread/INFO]: Bot6 lost connection: Disconnected
[09:23:45] [Server thread/INFO]: Bot6 left the game
[09:23:45] [Server thread/INFO]: Bot13 lost connection: Disconnected
[09:23:45] [Server thread/INFO]: Bot13 left the game
[09:23:45] [Server thread/INFO]: Bot14 lost connection: Disconnected
[09:23:45] [Server thread/INFO]: Bot14 left the game
[09:23:45] [Server thread/INFO]: Bot15 lost connection: Disconnected
[09:23:45] [Server thread/INFO]: Bot15 left the game
[09:23:45] [Server thread/INFO]: Bot16 lost connection: Disconnected
[09:23:45] [Server thread/INFO]: Bot16 left the game
[09:23:45] [Server thread/INFO]: Bot17 lost connection: Disconnected
[09:23:45] [Server thread/INFO]: Bot17 left the game
[09:23:45] [Server thread/INFO]: Bot18 lost connection: Disconnected
[09:23:45] [Server thread/INFO]: Bot18 left the game
[09:23:45] [Server thread/INFO]: Bot19 lost connection: Disconnected
[09:23:45] [Server thread/INFO]: Bot19 left the game
[09:23:45] [Server thread/INFO]: Bot20 lost connection: Disconnected
[09:23:45] [Server thread/INFO]: Bot20 left the game
[09:23:45] [Server thread/INFO]: Bot21 lost connection: Disconnected
[09:23:45] [Server thread/INFO]: Bot21 left the game
[09:23:45] [Server thread/INFO]: Bot22 lost connection: Disconnected
[09:23:45] [Server thread/INFO]: Bot22 left the game
[09:23:45] [Server thread/INFO]: Bot23 lost connection: Disconnected
[09:23:45] [Server thread/INFO]: Bot23 left the game
[09:23:45] [Server thread/INFO]: Bot24 lost connection: Disconnected
[09:23:45] [Server thread/INFO]: Bot24 left the game
[09:23:46] [Server thread/INFO]: TheDevAtlas lost connection: Disconnected
[09:23:46] [Server thread/INFO]: TheDevAtlas left the game
